[debug] ----------------------------------------------------------------------
[debug] Command:      /usr/local/Cellar/node/5.5.0/bin/node /usr/local/bin/firebase serve
[debug] Platform:     darwin
[debug] Node Version: v5.5.0
[debug] Time:         Tue May 10 2016 11:39:09 GMT-0600 (MDT)
[debug] ----------------------------------------------------------------------
[debug] 
[info] Listening at http://localhost:5000
[debug] Error: listen EADDRINUSE 127.0.0.1:5000
    at Object.exports._errnoException (util.js:856:11)
    at exports._exceptionWithHostPort (util.js:879:20)
    at Server._listen2 (net.js:1236:14)
    at listen (net.js:1272:10)
    at net.js:1381:9
    at GetAddrInfoReqWrap.asyncCallback [as callback] (dns.js:63:16)
    at GetAddrInfoReqWrap.onlookup [as oncomplete] (dns.js:82:10)
[error] 
[error] Error: An unexpected error has occurred.
[debug] ----------------------------------------------------------------------
[debug] Command:      /usr/local/Cellar/node/5.5.0/bin/node /usr/local/bin/firebase serve
[debug] Platform:     darwin
[debug] Node Version: v5.5.0
[debug] Time:         Tue May 10 2016 11:42:17 GMT-0600 (MDT)
[debug] ----------------------------------------------------------------------
[debug] 
[info] Listening at http://localhost:5000
